<?xml version="1.0" encoding="UTF-8"?>
<testsuite name="findMenuItemsByRestaurantId Tests" tests="2" skipped="0" failures="0" errors="0" timestamp="2026-06-10T04:02:37.088Z" hostname="Mikes-MacBook-Pro.local" time="0.007">
  <properties/>
  <testcase name="Should return items for restaurant" classname="com.clickmunch.MenuService.service.MenuServiceTest$FindMenuItemsByRestaurantIdTests" time="0.006"/>
  <testcase name="Should throw exception when restaurant has no categories" classname="com.clickmunch.MenuService.service.MenuServiceTest$FindMenuItemsByRestaurantIdTests" time="0.001"/>
  <system-out><![CDATA[]]></system-out>
  <system-err><![CDATA[]]></system-err>
</testsuite>
