<?xml version="1.0" encoding="UTF-8"?>
<testsuite name="getMenuByRestaurantId Tests" tests="3" skipped="0" failures="0" errors="0" timestamp="2026-06-10T04:02:37.101Z" hostname="Mikes-MacBook-Pro.local" time="0.003">
  <properties/>
  <testcase name="Should return empty menu when restaurant has no categories" classname="com.clickmunch.MenuService.service.MenuServiceTest$GetMenuByRestaurantIdTests" time="0.0"/>
  <testcase name="Should return menu with items when restaurant has categories" classname="com.clickmunch.MenuService.service.MenuServiceTest$GetMenuByRestaurantIdTests" time="0.002"/>
  <testcase name="Should handle null categories list" classname="com.clickmunch.MenuService.service.MenuServiceTest$GetMenuByRestaurantIdTests" time="0.001"/>
  <system-out><![CDATA[]]></system-out>
  <system-err><![CDATA[]]></system-err>
</testsuite>
