<?xml version="1.0" encoding="UTF-8"?>
<testsuite name="findMenuItemById Tests" tests="2" skipped="0" failures="0" errors="0" timestamp="2026-06-10T04:02:37.106Z" hostname="Mikes-MacBook-Pro.local" time="0.002">
  <properties/>
  <testcase name="Should throw exception when item not found" classname="com.clickmunch.MenuService.service.MenuServiceTest$FindMenuItemByIdTests" time="0.001"/>
  <testcase name="Should return item when found" classname="com.clickmunch.MenuService.service.MenuServiceTest$FindMenuItemByIdTests" time="0.001"/>
  <system-out><![CDATA[]]></system-out>
  <system-err><![CDATA[]]></system-err>
</testsuite>
