<?xml version="1.0" encoding="UTF-8"?>
<testsuite name="com.clickmunch.MenuService.controller.MenuControllerTest" tests="3" skipped="0" failures="0" errors="0" timestamp="2026-06-10T04:02:36.877Z" hostname="Mikes-MacBook-Pro.local" time="0.124">
  <properties/>
  <testcase name="createItem_returnsCreated()" classname="com.clickmunch.MenuService.controller.MenuControllerTest" time="0.107"/>
  <testcase name="getMenuByRestaurant_returnsOk()" classname="com.clickmunch.MenuService.controller.MenuControllerTest" time="0.005"/>
  <testcase name="createCategory_returnsCreated()" classname="com.clickmunch.MenuService.controller.MenuControllerTest" time="0.01"/>
  <system-out><![CDATA[2026-06-09T23:02:36.692-05:00  INFO 34494 --- [    Test worker] t.c.s.AnnotationConfigContextLoaderUtils : Could not detect default configuration classes for test class [com.clickmunch.MenuService.controller.MenuControllerTest]: MenuControllerTest does not declare any static, non-private, non-final, nested classes annotated with @Configuration.
2026-06-09T23:02:36.706-05:00  INFO 34494 --- [    Test worker] .b.t.c.SpringBootTestContextBootstrapper : Found @SpringBootConfiguration com.clickmunch.MenuService.MenuServiceApplication for test class com.clickmunch.MenuService.controller.MenuControllerTest

  .   ____          _            __ _ _
 /\\ / ___'_ __ _ _(_)_ __  __ _ \ \ \ \
( ( )\___ | '_ | '_| | '_ \/ _` | \ \ \ \
 \\/  ___)| |_)| | | | | || (_| |  ) ) ) )
  '  |____| .__|_| |_|_| |_\__, | / / / /
 =========|_|==============|___/=/_/_/_/

 :: Spring Boot ::                (v4.0.0)

2026-06-09T23:02:36.722-05:00  INFO 34494 --- [    Test worker] c.c.M.controller.MenuControllerTest      : Starting MenuControllerTest using Java 21.0.5 with PID 34494 (started by mikebetancourt in /Users/mikebetancourt/Documents/University/Soft Arch/Project/ClickAndMunchApp/backend/MenuService)
2026-06-09T23:02:36.722-05:00  INFO 34494 --- [    Test worker] c.c.M.controller.MenuControllerTest      : No active profile set, falling back to 1 default profile: "default"
2026-06-09T23:02:36.868-05:00  INFO 34494 --- [    Test worker] o.s.b.t.m.w.SpringBootMockServletContext : Initializing Spring TestDispatcherServlet ''
2026-06-09T23:02:36.869-05:00  INFO 34494 --- [    Test worker] o.s.t.web.servlet.TestDispatcherServlet  : Initializing Servlet ''
2026-06-09T23:02:36.870-05:00  INFO 34494 --- [    Test worker] o.s.t.web.servlet.TestDispatcherServlet  : Completed initialization in 0 ms
2026-06-09T23:02:36.876-05:00  INFO 34494 --- [    Test worker] c.c.M.controller.MenuControllerTest      : Started MenuControllerTest in 0.168 seconds (process running for 3.609)
]]></system-out>
  <system-err><![CDATA[]]></system-err>
</testsuite>
