<?xml version="1.0" encoding="UTF-8"?>
<testsuite name="deleteMenuByRestaurantId Tests" tests="2" skipped="0" failures="0" errors="0" timestamp="2026-06-10T04:02:37.004Z" hostname="Mikes-MacBook-Pro.local" time="0.053">
  <properties/>
  <testcase name="Should delete all items and categories for restaurant" classname="com.clickmunch.MenuService.service.MenuServiceTest$DeleteMenuByRestaurantIdTests" time="0.052"/>
  <testcase name="Should do nothing when restaurant has no categories" classname="com.clickmunch.MenuService.service.MenuServiceTest$DeleteMenuByRestaurantIdTests" time="0.001"/>
  <system-out><![CDATA[]]></system-out>
  <system-err><![CDATA[]]></system-err>
</testsuite>
