<?xml version="1.0" encoding="UTF-8"?>
<testsuite name="findMenuCategoryById Tests" tests="2" skipped="0" failures="0" errors="0" timestamp="2026-06-10T04:02:37.109Z" hostname="Mikes-MacBook-Pro.local" time="0.001">
  <properties/>
  <testcase name="Should throw exception when category not found" classname="com.clickmunch.MenuService.service.MenuServiceTest$FindMenuCategoryByIdTests" time="0.0"/>
  <testcase name="Should return category when found" classname="com.clickmunch.MenuService.service.MenuServiceTest$FindMenuCategoryByIdTests" time="0.0"/>
  <system-out><![CDATA[]]></system-out>
  <system-err><![CDATA[]]></system-err>
</testsuite>
