<?xml version="1.0" encoding="UTF-8"?>
<testsuite name="Delete Operations Tests" tests="2" skipped="0" failures="0" errors="0" timestamp="2026-06-10T04:02:37.111Z" hostname="Mikes-MacBook-Pro.local" time="0.002">
  <properties/>
  <testcase name="Should delete menu item" classname="com.clickmunch.MenuService.service.MenuServiceTest$DeleteOperationsTests" time="0.0"/>
  <testcase name="Should delete menu category" classname="com.clickmunch.MenuService.service.MenuServiceTest$DeleteOperationsTests" time="0.001"/>
  <system-out><![CDATA[]]></system-out>
  <system-err><![CDATA[]]></system-err>
</testsuite>
