<?xml version="1.0" encoding="UTF-8"?>
<testsuite name="com.clickmunch.MenuService.controller.MenuControllerTest" tests="3" skipped="0" failures="0" errors="0" timestamp="2026-03-16T12:32:28.923Z" hostname="Mikes-MacBook-Pro.local" time="0.238">
  <properties/>
  <testcase name="createItem_returnsCreated()" classname="com.clickmunch.MenuService.controller.MenuControllerTest" time="0.203"/>
  <testcase name="getMenuByRestaurant_returnsOk()" classname="com.clickmunch.MenuService.controller.MenuControllerTest" time="0.011"/>
  <testcase name="createCategory_returnsCreated()" classname="com.clickmunch.MenuService.controller.MenuControllerTest" time="0.018"/>
  <system-out><![CDATA[07:32:26.537 [Test worker] INFO org.springframework.test.context.support.AnnotationConfigContextLoaderUtils -- Could not detect default configuration classes for test class [com.clickmunch.MenuService.controller.MenuControllerTest]: MenuControllerTest does not declare any static, non-private, non-final, nested classes annotated with @Configuration.
07:32:26.846 [Test worker] INFO org.springframework.boot.test.context.SpringBootTestContextBootstrapper -- Found @SpringBootConfiguration com.clickmunch.MenuService.MenuServiceApplication for test class com.clickmunch.MenuService.controller.MenuControllerTest

  .   ____          _            __ _ _
 /\\ / ___'_ __ _ _(_)_ __  __ _ \ \ \ \
( ( )\___ | '_ | '_| | '_ \/ _` | \ \ \ \
 \\/  ___)| |_)| | | | | || (_| |  ) ) ) )
  '  |____| .__|_| |_|_| |_\__, | / / / /
 =========|_|==============|___/=/_/_/_/

 :: Spring Boot ::                (v4.0.0)

2026-03-16T07:32:27.437-05:00  INFO 10350 --- [MenuService] [    Test worker] c.c.M.controller.MenuControllerTest      : Starting MenuControllerTest using Java 21.0.5 with PID 10350 (started by mikebetancourt in /Users/mikebetancourt/Documents/University/Soft Arch/Project/ClickAndMunchApp/backend/MenuService)
2026-03-16T07:32:27.439-05:00  INFO 10350 --- [MenuService] [    Test worker] c.c.M.controller.MenuControllerTest      : No active profile set, falling back to 1 default profile: "default"
2026-03-16T07:32:28.869-05:00  INFO 10350 --- [MenuService] [    Test worker] o.s.b.t.m.w.SpringBootMockServletContext : Initializing Spring TestDispatcherServlet ''
2026-03-16T07:32:28.869-05:00  INFO 10350 --- [MenuService] [    Test worker] o.s.t.web.servlet.TestDispatcherServlet  : Initializing Servlet ''
2026-03-16T07:32:28.871-05:00  INFO 10350 --- [MenuService] [    Test worker] o.s.t.web.servlet.TestDispatcherServlet  : Completed initialization in 1 ms
2026-03-16T07:32:28.916-05:00  INFO 10350 --- [MenuService] [    Test worker] c.c.M.controller.MenuControllerTest      : Started MenuControllerTest in 1.953 seconds (process running for 3.488)
]]></system-out>
  <system-err><![CDATA[]]></system-err>
</testsuite>
