<?xml version="1.0" encoding="UTF-8"?>
<testsuite name="com.clickmunch.RatingService.service.RatingServiceTest" tests="5" skipped="0" failures="0" errors="0" timestamp="2026-04-21T02:55:54.901Z" hostname="Mikes-MacBook-Pro.local" time="0.558">
  <properties/>
  <testcase name="getRestaurantSummary_shouldReturnAverageAndCount()" classname="com.clickmunch.RatingService.service.RatingServiceTest" time="0.536"/>
  <testcase name="getWaiterSummary_shouldReturnAverageAndCount()" classname="com.clickmunch.RatingService.service.RatingServiceTest" time="0.002"/>
  <testcase name="createWaiterRating_shouldSaveAndReturn()" classname="com.clickmunch.RatingService.service.RatingServiceTest" time="0.01"/>
  <testcase name="getRestaurantSummary_noRatings_shouldReturnZeros()" classname="com.clickmunch.RatingService.service.RatingServiceTest" time="0.001"/>
  <testcase name="createRestaurantRating_shouldSaveAndReturn()" classname="com.clickmunch.RatingService.service.RatingServiceTest" time="0.005"/>
  <system-out><![CDATA[]]></system-out>
  <system-err><![CDATA[]]></system-err>
</testsuite>
