<?xml version="1.0" encoding="UTF-8"?>
<testsuite name="com.clickmunch.RatingService.service.RatingServiceTest" tests="5" skipped="0" failures="0" errors="0" timestamp="2026-06-10T04:25:48.235Z" hostname="Mikes-MacBook-Pro.local" time="0.27">
  <properties/>
  <testcase name="getRestaurantSummary_shouldReturnAverageAndCount()" classname="com.clickmunch.RatingService.service.RatingServiceTest" time="0.255"/>
  <testcase name="getWaiterSummary_shouldReturnAverageAndCount()" classname="com.clickmunch.RatingService.service.RatingServiceTest" time="0.001"/>
  <testcase name="createWaiterRating_shouldSaveAndReturn()" classname="com.clickmunch.RatingService.service.RatingServiceTest" time="0.007"/>
  <testcase name="getRestaurantSummary_noRatings_shouldReturnZeros()" classname="com.clickmunch.RatingService.service.RatingServiceTest" time="0.001"/>
  <testcase name="createRestaurantRating_shouldSaveAndReturn()" classname="com.clickmunch.RatingService.service.RatingServiceTest" time="0.003"/>
  <system-out><![CDATA[]]></system-out>
  <system-err><![CDATA[]]></system-err>
</testsuite>
