<?xml version="1.0" encoding="UTF-8"?>
<testsuite name="com.clickmunch.NotificationService.service.NotificationServiceTest" tests="4" skipped="0" failures="0" errors="0" timestamp="2026-04-21T02:56:50.665Z" hostname="Mikes-MacBook-Pro.local" time="0.446">
  <properties/>
  <testcase name="markAsRead_shouldUpdateAndReturn()" classname="com.clickmunch.NotificationService.service.NotificationServiceTest" time="0.435"/>
  <testcase name="getUnreadByUser_shouldReturnUnreadOnly()" classname="com.clickmunch.NotificationService.service.NotificationServiceTest" time="0.003"/>
  <testcase name="createNotification_shouldSaveAndReturn()" classname="com.clickmunch.NotificationService.service.NotificationServiceTest" time="0.005"/>
  <testcase name="getUnreadCount_shouldReturnCount()" classname="com.clickmunch.NotificationService.service.NotificationServiceTest" time="0.001"/>
  <system-out><![CDATA[]]></system-out>
  <system-err><![CDATA[]]></system-err>
</testsuite>
