<?xml version="1.0" encoding="UTF-8"?>
<testsuite name="com.clickmunch.NotificationService.service.NotificationServiceTest" tests="4" skipped="0" failures="0" errors="0" timestamp="2026-06-10T04:25:51.727Z" hostname="Mikes-MacBook-Pro.local" time="0.273">
  <properties/>
  <testcase name="markAsRead_shouldUpdateAndReturn()" classname="com.clickmunch.NotificationService.service.NotificationServiceTest" time="0.266"/>
  <testcase name="getUnreadByUser_shouldReturnUnreadOnly()" classname="com.clickmunch.NotificationService.service.NotificationServiceTest" time="0.002"/>
  <testcase name="createNotification_shouldSaveAndReturn()" classname="com.clickmunch.NotificationService.service.NotificationServiceTest" time="0.002"/>
  <testcase name="getUnreadCount_shouldReturnCount()" classname="com.clickmunch.NotificationService.service.NotificationServiceTest" time="0.002"/>
  <system-out><![CDATA[]]></system-out>
  <system-err><![CDATA[]]></system-err>
</testsuite>
